<?xml version="1.0" encoding="UTF-8"?>
<!-- Generated by org.testng.reporters.JUnitReportReporter -->
<testsuite hostname="POPTesting-PC" name="com.tog.test.Registration" tests="2" failures="0" timestamp="3 Jun 2016 06:02:10 GMT" time="82.254" errors="0">
  <testcase name="ProfileSetup" time="0.001" classname="com.tog.test.Registration"/>
  <testcase name="registration" time="82.253" classname="com.tog.test.Registration"/>
</testsuite> <!-- com.tog.test.Registration -->
